TN:
SF:script/PackMyNFTScript.s.sol
FN:12,PackMyNFTScript.run
FNDA:0,PackMyNFTScript.run
DA:13,0
DA:15,0
DA:17,0
DA:18,0
DA:20,0
FNF:1
FNH:0
LF:5
LH:0
BRF:0
BRH:0
end_of_record
TN:
SF:src/PackMyNFT.sol
FN:95,PackMyNFT.safeMint
FNDA:40,PackMyNFT.safeMint
DA:100,40
DA:101,40
BRDA:101,0,0,1
BRDA:101,0,1,39
DA:102,1
DA:103,39
BRDA:103,1,0,1
BRDA:103,1,1,38
DA:104,38
BRDA:104,2,0,1
BRDA:104,2,1,37
DA:105,37
DA:106,37
DA:107,37
DA:108,33
FN:119,PackMyNFT.batchMint
FNDA:263,PackMyNFT.batchMint
DA:125,263
DA:126,263
BRDA:126,3,0,1
BRDA:126,3,1,262
DA:127,1
DA:128,262
BRDA:128,4,0,1
BRDA:128,4,1,261
DA:129,1
DA:131,261
BRDA:131,5,0,1
BRDA:131,5,1,260
DA:132,260
BRDA:132,6,0,1
BRDA:132,6,1,259
DA:133,1
DA:135,259
DA:136,259
DA:138,259
DA:139,1259
DA:140,1257
DA:142,1257
FN:151,PackMyNFT.burn
FNDA:5,PackMyNFT.burn
DA:152,5
DA:153,5
BRDA:153,7,0,1
BRDA:153,7,1,3
DA:155,3
DA:159,3
DA:160,3
DA:161,3
DA:162,3
FN:169,PackMyNFT.tokenURI
FNDA:3,PackMyNFT.tokenURI
DA:172,3
BRDA:172,8,0,1
BRDA:172,8,1,2
DA:173,1
DA:174,2
FN:177,PackMyNFT.totalSupply
FNDA:2,PackMyNFT.totalSupply
DA:178,2
FN:181,PackMyNFT.supportsInterface
FNDA:3,PackMyNFT.supportsInterface
DA:184,3
FN:191,PackMyNFT._safeMint
FNDA:1296,PackMyNFT._safeMint
DA:198,1296
BRDA:197,9,0,1
BRDA:197,9,1,1295
DA:199,1
DA:200,1295
BRDA:200,10,0,2
BRDA:200,10,1,1293
DA:201,2
DA:202,1293
BRDA:202,11,0,1
BRDA:202,11,1,1292
DA:203,1
DA:205,1292
DA:206,1292
DA:208,1292
DA:209,1289
BRDA:209,12,0,2
BRDA:209,12,1,1287
DA:211,1287
DA:217,1287
DA:220,1290
DA:221,2
DA:227,2
DA:230,1290
DA:231,2
DA:239,2
DA:243,1290
DA:244,1290
DA:245,1290
FN:251,PackMyNFT._getBundleData
FNDA:3,PackMyNFT._getBundleData
DA:254,3
DA:255,3
FN:258,PackMyNFT._transferAssetsFromContract
FNDA:3,PackMyNFT._transferAssetsFromContract
DA:263,3
DA:264,3
DA:266,3
DA:267,2
DA:269,2
DA:272,3
DA:273,1
DA:279,1
DA:282,3
DA:283,1
DA:291,1
DA:295,3
DA:296,3
BRDA:296,13,0,1
BRDA:296,13,1,2
FNF:9
FNH:9
LF:71
LH:71
BRF:28
BRH:28
end_of_record
TN:
SF:src/mocks/MockERC1155.sol
FN:17,MockERC1155.setURI
FNDA:0,MockERC1155.setURI
DA:18,0
FN:21,MockERC1155.mint
FNDA:0,MockERC1155.mint
DA:27,0
FN:30,MockERC1155.mintBatch
FNDA:0,MockERC1155.mintBatch
DA:36,0
FNF:3
FNH:0
LF:3
LH:0
BRF:0
BRH:0
end_of_record
TN:
SF:src/mocks/MockERC20.sol
FN:10,MockERC20.mint
FNDA:0,MockERC20.mint
DA:11,0
FNF:1
FNH:0
LF:1
LH:0
BRF:0
BRH:0
end_of_record
TN:
SF:src/mocks/MockERC721.sol
FN:11,MockERC721.safeMint
FNDA:0,MockERC721.safeMint
DA:12,0
DA:13,0
FNF:1
FNH:0
LF:2
LH:0
BRF:0
BRH:0
end_of_record
TN:
SF:test/helpers/Helpers.sol
FN:36,Helpers.setUp
FNDA:0,Helpers.setUp
DA:37,0
DA:38,0
DA:39,0
DA:40,0
DA:42,0
DA:44,0
DA:45,0
DA:46,0
DA:47,0
DA:48,0
DA:50,0
DA:51,0
DA:52,0
DA:53,0
DA:54,0
DA:55,0
DA:56,0
DA:57,0
DA:58,0
DA:59,0
DA:60,0
DA:62,0
DA:63,0
DA:68,0
DA:69,0
FN:76,Helpers._mintToken
FNDA:0,Helpers._mintToken
DA:77,0
DA:78,0
DA:80,0
DA:81,0
DA:82,0
DA:83,0
DA:84,0
DA:85,0
DA:87,0
DA:88,0
DA:90,0
DA:92,0
DA:93,0
DA:95,0
DA:96,0
DA:102,0
DA:104,0
FNF:2
FNH:0
LF:42
LH:0
BRF:0
BRH:0
end_of_record
